[2024-05-09 23:53:21] [ ERROR] [Main:47] Error de Sintaxis en sentencia SQL "SELECT * FROM FIGURAS FIGURA[*]='CIRCULO' AND COLOR='ROJO';"
Syntax error in SQL statement "SELECT * FROM FIGURAS FIGURA[*]='CIRCULO' AND COLOR='ROJO';"; SQL statement:
SELECT * FROM FIGURAS FIGURA='CIRCULO' AND COLOR='ROJO'; [42000-214]
[2024-05-09 23:53:48] [ INFO ] [Main:30] FIGURA: 1 - CIRCULO - ROJO
[2024-05-09 23:53:48] [ INFO ] [Main:36] =====================================
[2024-05-09 23:53:48] [ INFO ] [Main:40] FIGURA: 1 - CIRCULO - ROJO
[2024-05-09 23:57:30] [ INFO ] [Main:32] FIGURA: 1 - CIRCULO - ROJO
[2024-05-09 23:57:30] [ INFO ] [Main:36] =====================================
[2024-05-09 23:57:30] [ INFO ] [Main:40] FIGURA: 1 - CIRCULO - ROJO
[2024-05-09 23:57:30] [ INFO ] [Main:40] FIGURA: 2 - CIRCULO - AMARILLO
[2024-05-09 23:57:30] [ INFO ] [Main:40] FIGURA: 3 - CUADRADOS - AZUL
[2024-05-09 23:57:30] [ INFO ] [Main:40] FIGURA: 4 - CUADRADOS - VERDE
[2024-05-09 23:57:30] [ INFO ] [Main:40] FIGURA: 5 - CUADRADOS - ROJO
[2024-05-09 23:57:30] [ INFO ] [Main:46] =====================================
[2024-05-09 23:57:30] [ INFO ] [Main:50] FIGURA: 1 - CIRCULO - ROJO
[2024-05-09 23:57:30] [ INFO ] [Main:50] FIGURA: 2 - CIRCULO - AMARILLO
[2024-05-09 23:57:30] [ INFO ] [Main:50] FIGURA: 3 - CUADRADOS - AZUL
[2024-05-09 23:57:30] [ INFO ] [Main:50] FIGURA: 4 - CUADRADOS - VERDE
[2024-05-09 23:57:30] [ INFO ] [Main:50] FIGURA: 5 - CUADRADOS - ROJO
[2024-05-09 23:58:11] [ INFO ] [Main:32] FIGURA: 1 - CIRCULO - ROJO
[2024-05-09 23:58:11] [ INFO ] [Main:36] =====================================
[2024-05-09 23:58:11] [ INFO ] [Main:40] FIGURA: 1 - CIRCULO - ROJO
[2024-05-09 23:58:11] [ INFO ] [Main:40] FIGURA: 2 - CIRCULO - AMARILLO
[2024-05-09 23:58:11] [ INFO ] [Main:40] FIGURA: 3 - CUADRADOS - AZUL
[2024-05-09 23:58:11] [ INFO ] [Main:40] FIGURA: 4 - CUADRADOS - VERDE
[2024-05-09 23:58:11] [ INFO ] [Main:40] FIGURA: 5 - CUADRADOS - ROJO
[2024-05-09 23:58:11] [ INFO ] [Main:46] =====================================
[2024-05-09 23:58:11] [ INFO ] [Main:50] FIGURA: 1 - CIRCULO - ROJO
[2024-05-09 23:58:11] [ INFO ] [Main:50] FIGURA: 2 - CIRCULO - AMARILLO
[2024-05-09 23:58:11] [ INFO ] [Main:50] FIGURA: 3 - CUADRADOS - AZUL
[2024-05-09 23:58:11] [ INFO ] [Main:50] FIGURA: 4 - CUADRADOS - VERDE
[2024-05-10 00:01:32] [ INFO ] [Main:32] FIGURA: 1 - CIRCULO - ROJO
[2024-05-10 00:01:32] [ INFO ] [Main:32] FIGURA: 2 - CIRCULO - ROJO
[2024-05-10 00:01:32] [ INFO ] [Main:36] =====================================
[2024-05-10 00:01:32] [ INFO ] [Main:40] FIGURA: 1 - CIRCULO - ROJO
[2024-05-10 00:01:32] [ INFO ] [Main:40] FIGURA: 2 - CIRCULO - ROJO
[2024-05-10 00:01:32] [ INFO ] [Main:40] FIGURA: 3 - CUADRADOS - AZUL
[2024-05-10 00:01:32] [ INFO ] [Main:40] FIGURA: 4 - CUADRADOS - VERDE
[2024-05-10 00:01:32] [ INFO ] [Main:40] FIGURA: 5 - CUADRADOS - ROJO
[2024-05-10 00:01:32] [ INFO ] [Main:46] =====================================
[2024-05-10 00:01:32] [ INFO ] [Main:50] FIGURA: 1 - CIRCULO - ROJO
[2024-05-10 00:01:32] [ INFO ] [Main:50] FIGURA: 2 - CIRCULO - ROJO
[2024-05-10 00:01:32] [ INFO ] [Main:50] FIGURA: 3 - CUADRADOS - AZUL
[2024-05-10 00:01:32] [ INFO ] [Main:50] FIGURA: 4 - CUADRADOS - VERDE
